<?xml version="1.0" encoding="UTF-8"?>
<!-- Generated by org.testng.reporters.JUnitXMLReporter -->
<testsuite ignored="0" hostname="MAA2-5CG14145DJ" failures="0" tests="4" name="Submit Order Test" time="21.891" errors="0" timestamp="2024-06-15T21:31:25 IST">
  <testcase classname="amazon.tests.SubmitOrderTest" name="submitOrder" time="3.252"/>
  <testcase classname="amazon.tests.SubmitOrderTest" name="submitOrder" time="4.06"/>
  <testcase classname="amazon.tests.SubmitOrderTest" name="OrderHistoryTest" time="0.787"/>
  <testcase classname="amazon.tests.SubmitOrderTest" name="OrderHistoryTest" time="0.765"/>
</testsuite> <!-- Submit Order Test -->
