<?xml version="1.0" encoding="UTF-8"?>
<!-- Generated by org.testng.reporters.JUnitXMLReporter -->
<testsuite ignored="0" hostname="MAA2-5CG14145DJ" failures="0" tests="2" name="Error Validations Test" time="22.433" errors="0" timestamp="2024-06-16T12:46:52 IST">
  <testcase classname="amazon.tests.ErrorValidationsTest" name="LoginErrorValidation" time="0.728"/>
  <testcase classname="amazon.tests.ErrorValidationsTest" name="ProductErrorValidation" time="13.819"/>
</testsuite> <!-- Error Validations Test -->
