<?xml version="1.0" encoding="UTF-8"?>
<!-- Generated by org.testng.reporters.JUnitXMLReporter -->
<testsuite ignored="0" hostname="MAA2-5CG14145DJ" failures="0" tests="4" name="Submit Order Test" time="34.012" errors="0" timestamp="2024-06-16T12:47:03 IST">
  <testcase classname="amazon.tests.SubmitOrderTest" name="submitOrder" time="9.805"/>
  <testcase classname="amazon.tests.SubmitOrderTest" name="submitOrder" time="10.743"/>
  <testcase classname="amazon.tests.SubmitOrderTest" name="OrderHistoryTest" time="0.606"/>
  <testcase classname="amazon.tests.SubmitOrderTest" name="OrderHistoryTest" time="0.688"/>
</testsuite> <!-- Submit Order Test -->
